!SESSION 2022-02-03 06:39:43.915 -----------------------------------------------
eclipse.buildId=unknown
java.version=1.8.0_322
java.vendor=Red Hat, Inc.
BootLoader constants: OS=linux, ARCH=x86_64, WS=gtk, NL=en_US
Framework arguments:  -o ./test/CreateEnv.xml -p P@ssw0rdP@ssw0rd
Command-line arguments:  -os linux -ws gtk -arch x86_64 -o ./test/CreateEnv.xml -p P@ssw0rdP@ssw0rd

!ENTRY org.eclipse.osgi 4 0 2022-02-03 06:39:44.313
!MESSAGE Bundle com.filenet.deployment.common.nl not found.

!ENTRY org.eclipse.osgi 4 0 2022-02-03 06:39:44.314
!MESSAGE Bundle com.filenet.deployment.modules.nl not found.

!ENTRY org.eclipse.osgi 4 0 2022-02-03 06:39:44.314
!MESSAGE Bundle com.filenet.deployment.rcp.nl not found.

!ENTRY org.eclipse.osgi 4 0 2022-02-03 06:39:44.319
!MESSAGE Bundle org.eclipse.ant.core.nl1 not found.

!ENTRY org.eclipse.osgi 4 0 2022-02-03 06:39:44.319
!MESSAGE Bundle org.eclipse.ant.core.nl2 not found.

!ENTRY org.eclipse.osgi 4 0 2022-02-03 06:39:44.320
!MESSAGE Bundle org.eclipse.compare.core.nl1 not found.

!ENTRY org.eclipse.osgi 4 0 2022-02-03 06:39:44.320
!MESSAGE Bundle org.eclipse.compare.core.nl2 not found.

!ENTRY org.eclipse.osgi 4 0 2022-02-03 06:39:44.321
!MESSAGE Bundle org.eclipse.core.commands.nl1 not found.

!ENTRY org.eclipse.osgi 4 0 2022-02-03 06:39:44.321
!MESSAGE Bundle org.eclipse.core.commands.nl2 not found.

!ENTRY org.eclipse.osgi 4 0 2022-02-03 06:39:44.321
!MESSAGE Bundle org.eclipse.core.contenttype.nl1 not found.

!ENTRY org.eclipse.osgi 4 0 2022-02-03 06:39:44.321
!MESSAGE Bundle org.eclipse.core.contenttype.nl2 not found.

!ENTRY org.eclipse.osgi 4 0 2022-02-03 06:39:44.322
!MESSAGE Bundle org.eclipse.core.databinding.observable.nl1 not found.

!ENTRY org.eclipse.osgi 4 0 2022-02-03 06:39:44.322
!MESSAGE Bundle org.eclipse.core.databinding.observable.nl2 not found.

!ENTRY org.eclipse.osgi 4 0 2022-02-03 06:39:44.322
!MESSAGE Bundle org.eclipse.core.databinding.property.nl1 not found.

!ENTRY org.eclipse.osgi 4 0 2022-02-03 06:39:44.323
!MESSAGE Bundle org.eclipse.core.databinding.property.nl2 not found.

!ENTRY org.eclipse.osgi 4 0 2022-02-03 06:39:44.323
!MESSAGE Bundle org.eclipse.core.databinding.nl1 not found.

!ENTRY org.eclipse.osgi 4 0 2022-02-03 06:39:44.323
!MESSAGE Bundle org.eclipse.core.databinding.nl2 not found.

!ENTRY org.eclipse.osgi 4 0 2022-02-03 06:39:44.323
!MESSAGE Bundle org.eclipse.core.expressions.nl1 not found.

!ENTRY org.eclipse.osgi 4 0 2022-02-03 06:39:44.324
!MESSAGE Bundle org.eclipse.core.expressions.nl2 not found.

!ENTRY org.eclipse.osgi 4 0 2022-02-03 06:39:44.324
!MESSAGE Bundle org.eclipse.core.filesystem.linux.x86_64.nl1 not found.

!ENTRY org.eclipse.osgi 4 0 2022-02-03 06:39:44.324
!MESSAGE Bundle org.eclipse.core.filesystem.linux.x86_64.nl2 not found.

!ENTRY org.eclipse.osgi 4 0 2022-02-03 06:39:44.324
!MESSAGE Bundle org.eclipse.core.filesystem.nl1 not found.

!ENTRY org.eclipse.osgi 4 0 2022-02-03 06:39:44.325
!MESSAGE Bundle org.eclipse.core.filesystem.nl2 not found.

!ENTRY org.eclipse.osgi 4 0 2022-02-03 06:39:44.325
!MESSAGE Bundle org.eclipse.core.jobs.nl1 not found.

!ENTRY org.eclipse.osgi 4 0 2022-02-03 06:39:44.325
!MESSAGE Bundle org.eclipse.core.jobs.nl2 not found.

!ENTRY org.eclipse.osgi 4 0 2022-02-03 06:39:44.325
!MESSAGE Bundle org.eclipse.core.net.linux.x86_64.nl1 not found.

!ENTRY org.eclipse.osgi 4 0 2022-02-03 06:39:44.326
!MESSAGE Bundle org.eclipse.core.net.linux.x86_64.nl2 not found.

!ENTRY org.eclipse.osgi 4 0 2022-02-03 06:39:44.326
!MESSAGE Bundle org.eclipse.core.net.nl1 not found.

!ENTRY org.eclipse.osgi 4 0 2022-02-03 06:39:44.326
!MESSAGE Bundle org.eclipse.core.net.nl2 not found.

!ENTRY org.eclipse.osgi 4 0 2022-02-03 06:39:44.327
!MESSAGE Bundle org.eclipse.core.resources.nl1 not found.

!ENTRY org.eclipse.osgi 4 0 2022-02-03 06:39:44.327
!MESSAGE Bundle org.eclipse.core.resources.nl2 not found.

!ENTRY org.eclipse.osgi 4 0 2022-02-03 06:39:44.327
!MESSAGE Bundle org.eclipse.core.runtime.nl1 not found.

!ENTRY org.eclipse.osgi 4 0 2022-02-03 06:39:44.327
!MESSAGE Bundle org.eclipse.core.runtime.nl2 not found.

!ENTRY org.eclipse.osgi 4 0 2022-02-03 06:39:44.328
!MESSAGE Bundle org.eclipse.core.variables.nl1 not found.

!ENTRY org.eclipse.osgi 4 0 2022-02-03 06:39:44.328
!MESSAGE Bundle org.eclipse.core.variables.nl2 not found.

!ENTRY org.eclipse.osgi 4 0 2022-02-03 06:39:44.328
!MESSAGE Bundle org.eclipse.e4.core.commands.nl1 not found.

!ENTRY org.eclipse.osgi 4 0 2022-02-03 06:39:44.328
!MESSAGE Bundle org.eclipse.e4.core.commands.nl2 not found.

!ENTRY org.eclipse.osgi 4 0 2022-02-03 06:39:44.329
!MESSAGE Bundle org.eclipse.e4.core.contexts.nl1 not found.

!ENTRY org.eclipse.osgi 4 0 2022-02-03 06:39:44.329
!MESSAGE Bundle org.eclipse.e4.core.contexts.nl2 not found.

!ENTRY org.eclipse.osgi 4 0 2022-02-03 06:39:44.329
!MESSAGE Bundle org.eclipse.e4.core.di.annotations.nl1 not found.

!ENTRY org.eclipse.osgi 4 0 2022-02-03 06:39:44.329
!MESSAGE Bundle org.eclipse.e4.core.di.annotations.nl2 not found.

!ENTRY org.eclipse.osgi 4 0 2022-02-03 06:39:44.330
!MESSAGE Bundle org.eclipse.e4.core.di.extensions.nl1 not found.

!ENTRY org.eclipse.osgi 4 0 2022-02-03 06:39:44.330
!MESSAGE Bundle org.eclipse.e4.core.di.extensions.nl2 not found.

!ENTRY org.eclipse.osgi 4 0 2022-02-03 06:39:44.330
!MESSAGE Bundle org.eclipse.e4.core.di.nl1 not found.

!ENTRY org.eclipse.osgi 4 0 2022-02-03 06:39:44.330
!MESSAGE Bundle org.eclipse.e4.core.di.nl2 not found.

!ENTRY org.eclipse.osgi 4 0 2022-02-03 06:39:44.331
!MESSAGE Bundle org.eclipse.e4.core.services.nl1 not found.

!ENTRY org.eclipse.osgi 4 0 2022-02-03 06:39:44.331
!MESSAGE Bundle org.eclipse.e4.core.services.nl2 not found.

!ENTRY org.eclipse.osgi 4 0 2022-02-03 06:39:44.331
!MESSAGE Bundle org.eclipse.e4.emf.xpath.nl1 not found.

!ENTRY org.eclipse.osgi 4 0 2022-02-03 06:39:44.331
!MESSAGE Bundle org.eclipse.e4.emf.xpath.nl2 not found.

!ENTRY org.eclipse.osgi 4 0 2022-02-03 06:39:44.332
!MESSAGE Bundle org.eclipse.e4.ui.bindings.nl1 not found.

!ENTRY org.eclipse.osgi 4 0 2022-02-03 06:39:44.332
!MESSAGE Bundle org.eclipse.e4.ui.bindings.nl2 not found.

!ENTRY org.eclipse.osgi 4 0 2022-02-03 06:39:44.333
!MESSAGE Bundle org.eclipse.e4.ui.css.core.nl1 not found.

!ENTRY org.eclipse.osgi 4 0 2022-02-03 06:39:44.333
!MESSAGE Bundle org.eclipse.e4.ui.css.core.nl2 not found.

!ENTRY org.eclipse.osgi 4 0 2022-02-03 06:39:44.333
!MESSAGE Bundle org.eclipse.e4.ui.css.swt.theme.nl1 not found.

!ENTRY org.eclipse.osgi 4 0 2022-02-03 06:39:44.333
!MESSAGE Bundle org.eclipse.e4.ui.css.swt.theme.nl2 not found.

!ENTRY org.eclipse.osgi 4 0 2022-02-03 06:39:44.334
!MESSAGE Bundle org.eclipse.e4.ui.css.swt.nl1 not found.

!ENTRY org.eclipse.osgi 4 0 2022-02-03 06:39:44.334
!MESSAGE Bundle org.eclipse.e4.ui.css.swt.nl2 not found.

!ENTRY org.eclipse.osgi 4 0 2022-02-03 06:39:44.334
!MESSAGE Bundle org.eclipse.e4.ui.di.nl1 not found.

!ENTRY org.eclipse.osgi 4 0 2022-02-03 06:39:44.334
!MESSAGE Bundle org.eclipse.e4.ui.di.nl2 not found.

!ENTRY org.eclipse.osgi 4 0 2022-02-03 06:39:44.335
!MESSAGE Bundle org.eclipse.e4.ui.model.workbench.nl1 not found.

!ENTRY org.eclipse.osgi 4 0 2022-02-03 06:39:44.335
!MESSAGE Bundle org.eclipse.e4.ui.model.workbench.nl2 not found.

!ENTRY org.eclipse.osgi 4 0 2022-02-03 06:39:44.336
!MESSAGE Bundle org.eclipse.e4.ui.services.nl1 not found.

!ENTRY org.eclipse.osgi 4 0 2022-02-03 06:39:44.336
!MESSAGE Bundle org.eclipse.e4.ui.services.nl2 not found.

!ENTRY org.eclipse.osgi 4 0 2022-02-03 06:39:44.336
!MESSAGE Bundle org.eclipse.e4.ui.widgets.nl1 not found.

!ENTRY org.eclipse.osgi 4 0 2022-02-03 06:39:44.337
!MESSAGE Bundle org.eclipse.e4.ui.widgets.nl2 not found.

!ENTRY org.eclipse.osgi 4 0 2022-02-03 06:39:44.337
!MESSAGE Bundle org.eclipse.e4.ui.workbench.addons.swt.nl1 not found.

!ENTRY org.eclipse.osgi 4 0 2022-02-03 06:39:44.337
!MESSAGE Bundle org.eclipse.e4.ui.workbench.addons.swt.nl2 not found.

!ENTRY org.eclipse.osgi 4 0 2022-02-03 06:39:44.338
!MESSAGE Bundle org.eclipse.e4.ui.workbench.renderers.swt.nl1 not found.

!ENTRY org.eclipse.osgi 4 0 2022-02-03 06:39:44.338
!MESSAGE Bundle org.eclipse.e4.ui.workbench.renderers.swt.nl2 not found.

!ENTRY org.eclipse.osgi 4 0 2022-02-03 06:39:44.339
!MESSAGE Bundle org.eclipse.e4.ui.workbench.swt.nl1 not found.

!ENTRY org.eclipse.osgi 4 0 2022-02-03 06:39:44.339
!MESSAGE Bundle org.eclipse.e4.ui.workbench.swt.nl2 not found.

!ENTRY org.eclipse.osgi 4 0 2022-02-03 06:39:44.339
!MESSAGE Bundle org.eclipse.e4.ui.workbench3.nl1 not found.

!ENTRY org.eclipse.osgi 4 0 2022-02-03 06:39:44.340
!MESSAGE Bundle org.eclipse.e4.ui.workbench3.nl2 not found.

!ENTRY org.eclipse.osgi 4 0 2022-02-03 06:39:44.340
!MESSAGE Bundle org.eclipse.e4.ui.workbench.nl1 not found.

!ENTRY org.eclipse.osgi 4 0 2022-02-03 06:39:44.340
!MESSAGE Bundle org.eclipse.e4.ui.workbench.nl2 not found.

!ENTRY org.eclipse.osgi 4 0 2022-02-03 06:39:44.341
!MESSAGE Bundle org.eclipse.emf.common.nl1 not found.

!ENTRY org.eclipse.osgi 4 0 2022-02-03 06:39:44.341
!MESSAGE Bundle org.eclipse.emf.common.nl2 not found.

!ENTRY org.eclipse.osgi 4 0 2022-02-03 06:39:44.341
!MESSAGE Bundle org.eclipse.emf.ecore.change.nl1 not found.

!ENTRY org.eclipse.osgi 4 0 2022-02-03 06:39:44.341
!MESSAGE Bundle org.eclipse.emf.ecore.change.nl2 not found.

!ENTRY org.eclipse.osgi 4 0 2022-02-03 06:39:44.342
!MESSAGE Bundle org.eclipse.emf.ecore.xmi.nl1 not found.

!ENTRY org.eclipse.osgi 4 0 2022-02-03 06:39:44.342
!MESSAGE Bundle org.eclipse.emf.ecore.xmi.nl2 not found.

!ENTRY org.eclipse.osgi 4 0 2022-02-03 06:39:44.342
!MESSAGE Bundle org.eclipse.emf.ecore.nl1 not found.

!ENTRY org.eclipse.osgi 4 0 2022-02-03 06:39:44.342
!MESSAGE Bundle org.eclipse.emf.ecore.nl2 not found.

!ENTRY org.eclipse.osgi 4 0 2022-02-03 06:39:44.342
!MESSAGE Bundle org.eclipse.equinox.app.nl1 not found.

!ENTRY org.eclipse.osgi 4 0 2022-02-03 06:39:44.343
!MESSAGE Bundle org.eclipse.equinox.app.nl2 not found.

!ENTRY org.eclipse.osgi 4 0 2022-02-03 06:39:44.343
!MESSAGE Bundle org.eclipse.equinox.bidi.nl1 not found.

!ENTRY org.eclipse.osgi 4 0 2022-02-03 06:39:44.343
!MESSAGE Bundle org.eclipse.equinox.bidi.nl2 not found.

!ENTRY org.eclipse.osgi 4 0 2022-02-03 06:39:44.343
!MESSAGE Bundle org.eclipse.equinox.common.nl1 not found.

!ENTRY org.eclipse.osgi 4 0 2022-02-03 06:39:44.344
!MESSAGE Bundle org.eclipse.equinox.common.nl2 not found.

!ENTRY org.eclipse.osgi 4 0 2022-02-03 06:39:44.344
!MESSAGE Bundle org.eclipse.equinox.ds.nl1 not found.

!ENTRY org.eclipse.osgi 4 0 2022-02-03 06:39:44.344
!MESSAGE Bundle org.eclipse.equinox.ds.nl2 not found.

!ENTRY org.eclipse.osgi 4 0 2022-02-03 06:39:44.344
!MESSAGE Bundle org.eclipse.equinox.event.nl1 not found.

!ENTRY org.eclipse.osgi 4 0 2022-02-03 06:39:44.345
!MESSAGE Bundle org.eclipse.equinox.event.nl2 not found.

!ENTRY org.eclipse.osgi 4 0 2022-02-03 06:39:44.345
!MESSAGE Bundle org.eclipse.equinox.http.jetty.nl1 not found.

!ENTRY org.eclipse.osgi 4 0 2022-02-03 06:39:44.345
!MESSAGE Bundle org.eclipse.equinox.http.jetty.nl2 not found.

!ENTRY org.eclipse.osgi 4 0 2022-02-03 06:39:44.345
!MESSAGE Bundle org.eclipse.equinox.http.servlet.nl1 not found.

!ENTRY org.eclipse.osgi 4 0 2022-02-03 06:39:44.345
!MESSAGE Bundle org.eclipse.equinox.http.servlet.nl2 not found.

!ENTRY org.eclipse.osgi 4 0 2022-02-03 06:39:44.346
!MESSAGE Bundle org.eclipse.equinox.preferences.nl1 not found.

!ENTRY org.eclipse.osgi 4 0 2022-02-03 06:39:44.346
!MESSAGE Bundle org.eclipse.equinox.preferences.nl2 not found.

!ENTRY org.eclipse.osgi 4 0 2022-02-03 06:39:44.346
!MESSAGE Bundle org.eclipse.equinox.registry.nl1 not found.

!ENTRY org.eclipse.osgi 4 0 2022-02-03 06:39:44.346
!MESSAGE Bundle org.eclipse.equinox.registry.nl2 not found.

!ENTRY org.eclipse.osgi 4 0 2022-02-03 06:39:44.347
!MESSAGE Bundle org.eclipse.equinox.security.nl1 not found.

!ENTRY org.eclipse.osgi 4 0 2022-02-03 06:39:44.355
!MESSAGE Bundle org.eclipse.equinox.security.nl2 not found.

!ENTRY org.eclipse.osgi 4 0 2022-02-03 06:39:44.355
!MESSAGE Bundle org.eclipse.equinox.util.nl1 not found.

!ENTRY org.eclipse.osgi 4 0 2022-02-03 06:39:44.355
!MESSAGE Bundle org.eclipse.equinox.util.nl2 not found.

!ENTRY org.eclipse.osgi 4 0 2022-02-03 06:39:44.357
!MESSAGE Bundle org.eclipse.help.base.nl1 not found.

!ENTRY org.eclipse.osgi 4 0 2022-02-03 06:39:44.358
!MESSAGE Bundle org.eclipse.help.base.nl2 not found.

!ENTRY org.eclipse.osgi 4 0 2022-02-03 06:39:44.358
!MESSAGE Bundle org.eclipse.help.nl1 not found.

!ENTRY org.eclipse.osgi 4 0 2022-02-03 06:39:44.358
!MESSAGE Bundle org.eclipse.help.nl2 not found.

!ENTRY org.eclipse.osgi 4 0 2022-02-03 06:39:44.358
!MESSAGE Bundle org.eclipse.jetty.http.nl1 not found.

!ENTRY org.eclipse.osgi 4 0 2022-02-03 06:39:44.358
!MESSAGE Bundle org.eclipse.jetty.http.nl2 not found.

!ENTRY org.eclipse.osgi 4 0 2022-02-03 06:39:44.359
!MESSAGE Bundle org.eclipse.jface.databinding.nl1 not found.

!ENTRY org.eclipse.osgi 4 0 2022-02-03 06:39:44.360
!MESSAGE Bundle org.eclipse.jface.databinding.nl2 not found.

!ENTRY org.eclipse.osgi 4 0 2022-02-03 06:39:44.360
!MESSAGE Bundle org.eclipse.jface.text.nl1 not found.

!ENTRY org.eclipse.osgi 4 0 2022-02-03 06:39:44.360
!MESSAGE Bundle org.eclipse.jface.text.nl2 not found.

!ENTRY org.eclipse.osgi 4 0 2022-02-03 06:39:44.360
!MESSAGE Bundle org.eclipse.jface.nl1 not found.

!ENTRY org.eclipse.osgi 4 0 2022-02-03 06:39:44.360
!MESSAGE Bundle org.eclipse.jface.nl2 not found.

!ENTRY org.eclipse.osgi 4 0 2022-02-03 06:39:44.361
!MESSAGE Bundle org.eclipse.osgi.compatibility.state.nl1 not found.

!ENTRY org.eclipse.osgi 4 0 2022-02-03 06:39:44.361
!MESSAGE Bundle org.eclipse.osgi.compatibility.state.nl2 not found.

!ENTRY org.eclipse.osgi 4 0 2022-02-03 06:39:44.361
!MESSAGE Bundle org.eclipse.osgi.services.nl1 not found.

!ENTRY org.eclipse.osgi 4 0 2022-02-03 06:39:44.361
!MESSAGE Bundle org.eclipse.osgi.services.nl2 not found.

!ENTRY org.eclipse.osgi 4 0 2022-02-03 06:39:44.361
!MESSAGE Bundle org.eclipse.osgi.nl1 not found.

!ENTRY org.eclipse.osgi 4 0 2022-02-03 06:39:44.362
!MESSAGE Bundle org.eclipse.osgi.nl2 not found.

!ENTRY org.eclipse.osgi 4 0 2022-02-03 06:39:44.362
!MESSAGE Bundle org.eclipse.swt.gtk.linux.x86_64.nl1 not found.

!ENTRY org.eclipse.osgi 4 0 2022-02-03 06:39:44.362
!MESSAGE Bundle org.eclipse.swt.gtk.linux.x86_64.nl2 not found.

!ENTRY org.eclipse.osgi 4 0 2022-02-03 06:39:44.363
!MESSAGE Bundle org.eclipse.swt.nl1 not found.

!ENTRY org.eclipse.osgi 4 0 2022-02-03 06:39:44.363
!MESSAGE Bundle org.eclipse.swt.nl2 not found.

!ENTRY org.eclipse.osgi 4 0 2022-02-03 06:39:44.363
!MESSAGE Bundle org.eclipse.team.core.nl1 not found.

!ENTRY org.eclipse.osgi 4 0 2022-02-03 06:39:44.363
!MESSAGE Bundle org.eclipse.team.core.nl2 not found.

!ENTRY org.eclipse.osgi 4 0 2022-02-03 06:39:44.364
!MESSAGE Bundle org.eclipse.text.nl1 not found.

!ENTRY org.eclipse.osgi 4 0 2022-02-03 06:39:44.364
!MESSAGE Bundle org.eclipse.text.nl2 not found.

!ENTRY org.eclipse.osgi 4 0 2022-02-03 06:39:44.364
!MESSAGE Bundle org.eclipse.ui.console.nl1 not found.

!ENTRY org.eclipse.osgi 4 0 2022-02-03 06:39:44.364
!MESSAGE Bundle org.eclipse.ui.console.nl2 not found.

!ENTRY org.eclipse.osgi 4 0 2022-02-03 06:39:44.365
!MESSAGE Bundle org.eclipse.ui.forms.nl1 not found.

!ENTRY org.eclipse.osgi 4 0 2022-02-03 06:39:44.365
!MESSAGE Bundle org.eclipse.ui.forms.nl2 not found.

!ENTRY org.eclipse.osgi 4 0 2022-02-03 06:39:44.365
!MESSAGE Bundle org.eclipse.ui.intro.nl1 not found.

!ENTRY org.eclipse.osgi 4 0 2022-02-03 06:39:44.365
!MESSAGE Bundle org.eclipse.ui.intro.nl2 not found.

!ENTRY org.eclipse.osgi 4 0 2022-02-03 06:39:44.365
!MESSAGE Bundle org.eclipse.ui.trace.nl1 not found.

!ENTRY org.eclipse.osgi 4 0 2022-02-03 06:39:44.366
!MESSAGE Bundle org.eclipse.ui.trace.nl2 not found.

!ENTRY org.eclipse.osgi 4 0 2022-02-03 06:39:44.366
!MESSAGE Bundle org.eclipse.ui.workbench.texteditor.nl1 not found.

!ENTRY org.eclipse.osgi 4 0 2022-02-03 06:39:44.366
!MESSAGE Bundle org.eclipse.ui.workbench.texteditor.nl2 not found.

!ENTRY org.eclipse.osgi 4 0 2022-02-03 06:39:44.366
!MESSAGE Bundle org.eclipse.ui.workbench.nl1 not found.

!ENTRY org.eclipse.osgi 4 0 2022-02-03 06:39:44.366
!MESSAGE Bundle org.eclipse.ui.workbench.nl2 not found.

!ENTRY org.eclipse.osgi 4 0 2022-02-03 06:39:44.367
!MESSAGE Bundle org.eclipse.ui.nl1 not found.

!ENTRY org.eclipse.osgi 4 0 2022-02-03 06:39:44.367
!MESSAGE Bundle org.eclipse.ui.nl2 not found.
