!SESSION 2022-02-09 09:54:52.186 -----------------------------------------------
eclipse.buildId=unknown
java.fullversion=8.0.6.26 - pxa6480sr6fp26-20210216_01(SR6 FP26)
JRE 1.8.0 Linux amd64-64-Bit Compressed References 20210216_465732 (JIT enabled, AOT enabled)
OpenJ9   - e5f4f96
OMR      - 999051a
IBM      - 358762e
BootLoader constants: OS=linux, ARCH=x86_64, WS=gtk, NL=en_US
Framework arguments:  -o ./test/AnalyzeDataSet_dte.xml
Command-line arguments:  -os linux -ws gtk -arch x86_64 -o ./test/AnalyzeDataSet_dte.xml

!ENTRY org.eclipse.osgi 4 0 2022-02-09 09:54:53.528
!MESSAGE Bundle com.filenet.deployment.common.nl not found.

!ENTRY org.eclipse.osgi 4 0 2022-02-09 09:54:53.529
!MESSAGE Bundle com.filenet.deployment.modules.nl not found.

!ENTRY org.eclipse.osgi 4 0 2022-02-09 09:54:53.529
!MESSAGE Bundle com.filenet.deployment.rcp.nl not found.

!ENTRY org.eclipse.osgi 4 0 2022-02-09 09:54:53.537
!MESSAGE Bundle org.eclipse.ant.core.nl1 not found.

!ENTRY org.eclipse.osgi 4 0 2022-02-09 09:54:53.538
!MESSAGE Bundle org.eclipse.ant.core.nl2 not found.

!ENTRY org.eclipse.osgi 4 0 2022-02-09 09:54:53.538
!MESSAGE Bundle org.eclipse.compare.core.nl1 not found.

!ENTRY org.eclipse.osgi 4 0 2022-02-09 09:54:53.539
!MESSAGE Bundle org.eclipse.compare.core.nl2 not found.

!ENTRY org.eclipse.osgi 4 0 2022-02-09 09:54:53.539
!MESSAGE Bundle org.eclipse.core.commands.nl1 not found.

!ENTRY org.eclipse.osgi 4 0 2022-02-09 09:54:53.540
!MESSAGE Bundle org.eclipse.core.commands.nl2 not found.

!ENTRY org.eclipse.osgi 4 0 2022-02-09 09:54:53.540
!MESSAGE Bundle org.eclipse.core.contenttype.nl1 not found.

!ENTRY org.eclipse.osgi 4 0 2022-02-09 09:54:53.540
!MESSAGE Bundle org.eclipse.core.contenttype.nl2 not found.

!ENTRY org.eclipse.osgi 4 0 2022-02-09 09:54:53.541
!MESSAGE Bundle org.eclipse.core.databinding.observable.nl1 not found.

!ENTRY org.eclipse.osgi 4 0 2022-02-09 09:54:53.541
!MESSAGE Bundle org.eclipse.core.databinding.observable.nl2 not found.

!ENTRY org.eclipse.osgi 4 0 2022-02-09 09:54:53.542
!MESSAGE Bundle org.eclipse.core.databinding.property.nl1 not found.

!ENTRY org.eclipse.osgi 4 0 2022-02-09 09:54:53.542
!MESSAGE Bundle org.eclipse.core.databinding.property.nl2 not found.

!ENTRY org.eclipse.osgi 4 0 2022-02-09 09:54:53.543
!MESSAGE Bundle org.eclipse.core.databinding.nl1 not found.

!ENTRY org.eclipse.osgi 4 0 2022-02-09 09:54:53.543
!MESSAGE Bundle org.eclipse.core.databinding.nl2 not found.

!ENTRY org.eclipse.osgi 4 0 2022-02-09 09:54:53.544
!MESSAGE Bundle org.eclipse.core.expressions.nl1 not found.

!ENTRY org.eclipse.osgi 4 0 2022-02-09 09:54:53.544
!MESSAGE Bundle org.eclipse.core.expressions.nl2 not found.

!ENTRY org.eclipse.osgi 4 0 2022-02-09 09:54:53.545
!MESSAGE Bundle org.eclipse.core.filesystem.linux.x86_64.nl1 not found.

!ENTRY org.eclipse.osgi 4 0 2022-02-09 09:54:53.545
!MESSAGE Bundle org.eclipse.core.filesystem.linux.x86_64.nl2 not found.

!ENTRY org.eclipse.osgi 4 0 2022-02-09 09:54:53.545
!MESSAGE Bundle org.eclipse.core.filesystem.nl1 not found.

!ENTRY org.eclipse.osgi 4 0 2022-02-09 09:54:53.546
!MESSAGE Bundle org.eclipse.core.filesystem.nl2 not found.

!ENTRY org.eclipse.osgi 4 0 2022-02-09 09:54:53.546
!MESSAGE Bundle org.eclipse.core.jobs.nl1 not found.

!ENTRY org.eclipse.osgi 4 0 2022-02-09 09:54:53.547
!MESSAGE Bundle org.eclipse.core.jobs.nl2 not found.

!ENTRY org.eclipse.osgi 4 0 2022-02-09 09:54:53.547
!MESSAGE Bundle org.eclipse.core.net.linux.x86_64.nl1 not found.

!ENTRY org.eclipse.osgi 4 0 2022-02-09 09:54:53.548
!MESSAGE Bundle org.eclipse.core.net.linux.x86_64.nl2 not found.

!ENTRY org.eclipse.osgi 4 0 2022-02-09 09:54:53.548
!MESSAGE Bundle org.eclipse.core.net.nl1 not found.

!ENTRY org.eclipse.osgi 4 0 2022-02-09 09:54:53.548
!MESSAGE Bundle org.eclipse.core.net.nl2 not found.

!ENTRY org.eclipse.osgi 4 0 2022-02-09 09:54:53.549
!MESSAGE Bundle org.eclipse.core.resources.nl1 not found.

!ENTRY org.eclipse.osgi 4 0 2022-02-09 09:54:53.549
!MESSAGE Bundle org.eclipse.core.resources.nl2 not found.

!ENTRY org.eclipse.osgi 4 0 2022-02-09 09:54:53.550
!MESSAGE Bundle org.eclipse.core.runtime.nl1 not found.

!ENTRY org.eclipse.osgi 4 0 2022-02-09 09:54:53.550
!MESSAGE Bundle org.eclipse.core.runtime.nl2 not found.

!ENTRY org.eclipse.osgi 4 0 2022-02-09 09:54:53.551
!MESSAGE Bundle org.eclipse.core.variables.nl1 not found.

!ENTRY org.eclipse.osgi 4 0 2022-02-09 09:54:53.551
!MESSAGE Bundle org.eclipse.core.variables.nl2 not found.

!ENTRY org.eclipse.osgi 4 0 2022-02-09 09:54:53.552
!MESSAGE Bundle org.eclipse.e4.core.commands.nl1 not found.

!ENTRY org.eclipse.osgi 4 0 2022-02-09 09:54:53.552
!MESSAGE Bundle org.eclipse.e4.core.commands.nl2 not found.

!ENTRY org.eclipse.osgi 4 0 2022-02-09 09:54:53.553
!MESSAGE Bundle org.eclipse.e4.core.contexts.nl1 not found.

!ENTRY org.eclipse.osgi 4 0 2022-02-09 09:54:53.553
!MESSAGE Bundle org.eclipse.e4.core.contexts.nl2 not found.

!ENTRY org.eclipse.osgi 4 0 2022-02-09 09:54:53.554
!MESSAGE Bundle org.eclipse.e4.core.di.annotations.nl1 not found.

!ENTRY org.eclipse.osgi 4 0 2022-02-09 09:54:53.554
!MESSAGE Bundle org.eclipse.e4.core.di.annotations.nl2 not found.

!ENTRY org.eclipse.osgi 4 0 2022-02-09 09:54:53.554
!MESSAGE Bundle org.eclipse.e4.core.di.extensions.nl1 not found.

!ENTRY org.eclipse.osgi 4 0 2022-02-09 09:54:53.555
!MESSAGE Bundle org.eclipse.e4.core.di.extensions.nl2 not found.

!ENTRY org.eclipse.osgi 4 0 2022-02-09 09:54:53.555
!MESSAGE Bundle org.eclipse.e4.core.di.nl1 not found.

!ENTRY org.eclipse.osgi 4 0 2022-02-09 09:54:53.555
!MESSAGE Bundle org.eclipse.e4.core.di.nl2 not found.

!ENTRY org.eclipse.osgi 4 0 2022-02-09 09:54:53.556
!MESSAGE Bundle org.eclipse.e4.core.services.nl1 not found.

!ENTRY org.eclipse.osgi 4 0 2022-02-09 09:54:53.556
!MESSAGE Bundle org.eclipse.e4.core.services.nl2 not found.

!ENTRY org.eclipse.osgi 4 0 2022-02-09 09:54:53.557
!MESSAGE Bundle org.eclipse.e4.emf.xpath.nl1 not found.

!ENTRY org.eclipse.osgi 4 0 2022-02-09 09:54:53.557
!MESSAGE Bundle org.eclipse.e4.emf.xpath.nl2 not found.

!ENTRY org.eclipse.osgi 4 0 2022-02-09 09:54:53.558
!MESSAGE Bundle org.eclipse.e4.ui.bindings.nl1 not found.

!ENTRY org.eclipse.osgi 4 0 2022-02-09 09:54:53.558
!MESSAGE Bundle org.eclipse.e4.ui.bindings.nl2 not found.

!ENTRY org.eclipse.osgi 4 0 2022-02-09 09:54:53.558
!MESSAGE Bundle org.eclipse.e4.ui.css.core.nl1 not found.

!ENTRY org.eclipse.osgi 4 0 2022-02-09 09:54:53.559
!MESSAGE Bundle org.eclipse.e4.ui.css.core.nl2 not found.

!ENTRY org.eclipse.osgi 4 0 2022-02-09 09:54:53.559
!MESSAGE Bundle org.eclipse.e4.ui.css.swt.theme.nl1 not found.

!ENTRY org.eclipse.osgi 4 0 2022-02-09 09:54:53.559
!MESSAGE Bundle org.eclipse.e4.ui.css.swt.theme.nl2 not found.

!ENTRY org.eclipse.osgi 4 0 2022-02-09 09:54:53.560
!MESSAGE Bundle org.eclipse.e4.ui.css.swt.nl1 not found.

!ENTRY org.eclipse.osgi 4 0 2022-02-09 09:54:53.560
!MESSAGE Bundle org.eclipse.e4.ui.css.swt.nl2 not found.

!ENTRY org.eclipse.osgi 4 0 2022-02-09 09:54:53.561
!MESSAGE Bundle org.eclipse.e4.ui.di.nl1 not found.

!ENTRY org.eclipse.osgi 4 0 2022-02-09 09:54:53.561
!MESSAGE Bundle org.eclipse.e4.ui.di.nl2 not found.

!ENTRY org.eclipse.osgi 4 0 2022-02-09 09:54:53.561
!MESSAGE Bundle org.eclipse.e4.ui.model.workbench.nl1 not found.

!ENTRY org.eclipse.osgi 4 0 2022-02-09 09:54:53.562
!MESSAGE Bundle org.eclipse.e4.ui.model.workbench.nl2 not found.

!ENTRY org.eclipse.osgi 4 0 2022-02-09 09:54:53.562
!MESSAGE Bundle org.eclipse.e4.ui.services.nl1 not found.

!ENTRY org.eclipse.osgi 4 0 2022-02-09 09:54:53.562
!MESSAGE Bundle org.eclipse.e4.ui.services.nl2 not found.

!ENTRY org.eclipse.osgi 4 0 2022-02-09 09:54:53.563
!MESSAGE Bundle org.eclipse.e4.ui.widgets.nl1 not found.

!ENTRY org.eclipse.osgi 4 0 2022-02-09 09:54:53.563
!MESSAGE Bundle org.eclipse.e4.ui.widgets.nl2 not found.

!ENTRY org.eclipse.osgi 4 0 2022-02-09 09:54:53.564
!MESSAGE Bundle org.eclipse.e4.ui.workbench.addons.swt.nl1 not found.

!ENTRY org.eclipse.osgi 4 0 2022-02-09 09:54:53.564
!MESSAGE Bundle org.eclipse.e4.ui.workbench.addons.swt.nl2 not found.

!ENTRY org.eclipse.osgi 4 0 2022-02-09 09:54:53.564
!MESSAGE Bundle org.eclipse.e4.ui.workbench.renderers.swt.nl1 not found.

!ENTRY org.eclipse.osgi 4 0 2022-02-09 09:54:53.565
!MESSAGE Bundle org.eclipse.e4.ui.workbench.renderers.swt.nl2 not found.

!ENTRY org.eclipse.osgi 4 0 2022-02-09 09:54:53.565
!MESSAGE Bundle org.eclipse.e4.ui.workbench.swt.nl1 not found.

!ENTRY org.eclipse.osgi 4 0 2022-02-09 09:54:53.565
!MESSAGE Bundle org.eclipse.e4.ui.workbench.swt.nl2 not found.

!ENTRY org.eclipse.osgi 4 0 2022-02-09 09:54:53.566
!MESSAGE Bundle org.eclipse.e4.ui.workbench3.nl1 not found.

!ENTRY org.eclipse.osgi 4 0 2022-02-09 09:54:53.566
!MESSAGE Bundle org.eclipse.e4.ui.workbench3.nl2 not found.

!ENTRY org.eclipse.osgi 4 0 2022-02-09 09:54:53.567
!MESSAGE Bundle org.eclipse.e4.ui.workbench.nl1 not found.

!ENTRY org.eclipse.osgi 4 0 2022-02-09 09:54:53.567
!MESSAGE Bundle org.eclipse.e4.ui.workbench.nl2 not found.

!ENTRY org.eclipse.osgi 4 0 2022-02-09 09:54:53.568
!MESSAGE Bundle org.eclipse.emf.common.nl1 not found.

!ENTRY org.eclipse.osgi 4 0 2022-02-09 09:54:53.568
!MESSAGE Bundle org.eclipse.emf.common.nl2 not found.

!ENTRY org.eclipse.osgi 4 0 2022-02-09 09:54:53.568
!MESSAGE Bundle org.eclipse.emf.ecore.change.nl1 not found.

!ENTRY org.eclipse.osgi 4 0 2022-02-09 09:54:53.569
!MESSAGE Bundle org.eclipse.emf.ecore.change.nl2 not found.

!ENTRY org.eclipse.osgi 4 0 2022-02-09 09:54:53.569
!MESSAGE Bundle org.eclipse.emf.ecore.xmi.nl1 not found.

!ENTRY org.eclipse.osgi 4 0 2022-02-09 09:54:53.569
!MESSAGE Bundle org.eclipse.emf.ecore.xmi.nl2 not found.

!ENTRY org.eclipse.osgi 4 0 2022-02-09 09:54:53.570
!MESSAGE Bundle org.eclipse.emf.ecore.nl1 not found.

!ENTRY org.eclipse.osgi 4 0 2022-02-09 09:54:53.570
!MESSAGE Bundle org.eclipse.emf.ecore.nl2 not found.

!ENTRY org.eclipse.osgi 4 0 2022-02-09 09:54:53.571
!MESSAGE Bundle org.eclipse.equinox.app.nl1 not found.

!ENTRY org.eclipse.osgi 4 0 2022-02-09 09:54:53.571
!MESSAGE Bundle org.eclipse.equinox.app.nl2 not found.

!ENTRY org.eclipse.osgi 4 0 2022-02-09 09:54:53.571
!MESSAGE Bundle org.eclipse.equinox.bidi.nl1 not found.

!ENTRY org.eclipse.osgi 4 0 2022-02-09 09:54:53.572
!MESSAGE Bundle org.eclipse.equinox.bidi.nl2 not found.

!ENTRY org.eclipse.osgi 4 0 2022-02-09 09:54:53.572
!MESSAGE Bundle org.eclipse.equinox.common.nl1 not found.

!ENTRY org.eclipse.osgi 4 0 2022-02-09 09:54:53.572
!MESSAGE Bundle org.eclipse.equinox.common.nl2 not found.

!ENTRY org.eclipse.osgi 4 0 2022-02-09 09:54:53.573
!MESSAGE Bundle org.eclipse.equinox.ds.nl1 not found.

!ENTRY org.eclipse.osgi 4 0 2022-02-09 09:54:53.573
!MESSAGE Bundle org.eclipse.equinox.ds.nl2 not found.

!ENTRY org.eclipse.osgi 4 0 2022-02-09 09:54:53.574
!MESSAGE Bundle org.eclipse.equinox.event.nl1 not found.

!ENTRY org.eclipse.osgi 4 0 2022-02-09 09:54:53.575
!MESSAGE Bundle org.eclipse.equinox.event.nl2 not found.

!ENTRY org.eclipse.osgi 4 0 2022-02-09 09:54:53.575
!MESSAGE Bundle org.eclipse.equinox.http.jetty.nl1 not found.

!ENTRY org.eclipse.osgi 4 0 2022-02-09 09:54:53.575
!MESSAGE Bundle org.eclipse.equinox.http.jetty.nl2 not found.

!ENTRY org.eclipse.osgi 4 0 2022-02-09 09:54:53.576
!MESSAGE Bundle org.eclipse.equinox.http.servlet.nl1 not found.

!ENTRY org.eclipse.osgi 4 0 2022-02-09 09:54:53.576
!MESSAGE Bundle org.eclipse.equinox.http.servlet.nl2 not found.

!ENTRY org.eclipse.osgi 4 0 2022-02-09 09:54:53.577
!MESSAGE Bundle org.eclipse.equinox.preferences.nl1 not found.

!ENTRY org.eclipse.osgi 4 0 2022-02-09 09:54:53.577
!MESSAGE Bundle org.eclipse.equinox.preferences.nl2 not found.

!ENTRY org.eclipse.osgi 4 0 2022-02-09 09:54:53.577
!MESSAGE Bundle org.eclipse.equinox.registry.nl1 not found.

!ENTRY org.eclipse.osgi 4 0 2022-02-09 09:54:53.578
!MESSAGE Bundle org.eclipse.equinox.registry.nl2 not found.

!ENTRY org.eclipse.osgi 4 0 2022-02-09 09:54:53.578
!MESSAGE Bundle org.eclipse.equinox.security.nl1 not found.

!ENTRY org.eclipse.osgi 4 0 2022-02-09 09:54:53.578
!MESSAGE Bundle org.eclipse.equinox.security.nl2 not found.

!ENTRY org.eclipse.osgi 4 0 2022-02-09 09:54:53.579
!MESSAGE Bundle org.eclipse.equinox.util.nl1 not found.

!ENTRY org.eclipse.osgi 4 0 2022-02-09 09:54:53.579
!MESSAGE Bundle org.eclipse.equinox.util.nl2 not found.

!ENTRY org.eclipse.osgi 4 0 2022-02-09 09:54:53.580
!MESSAGE Bundle org.eclipse.help.base.nl1 not found.

!ENTRY org.eclipse.osgi 4 0 2022-02-09 09:54:53.580
!MESSAGE Bundle org.eclipse.help.base.nl2 not found.

!ENTRY org.eclipse.osgi 4 0 2022-02-09 09:54:53.580
!MESSAGE Bundle org.eclipse.help.nl1 not found.

!ENTRY org.eclipse.osgi 4 0 2022-02-09 09:54:53.581
!MESSAGE Bundle org.eclipse.help.nl2 not found.

!ENTRY org.eclipse.osgi 4 0 2022-02-09 09:54:53.581
!MESSAGE Bundle org.eclipse.jetty.http.nl1 not found.

!ENTRY org.eclipse.osgi 4 0 2022-02-09 09:54:53.581
!MESSAGE Bundle org.eclipse.jetty.http.nl2 not found.

!ENTRY org.eclipse.osgi 4 0 2022-02-09 09:54:53.583
!MESSAGE Bundle org.eclipse.jface.databinding.nl1 not found.

!ENTRY org.eclipse.osgi 4 0 2022-02-09 09:54:53.583
!MESSAGE Bundle org.eclipse.jface.databinding.nl2 not found.

!ENTRY org.eclipse.osgi 4 0 2022-02-09 09:54:53.584
!MESSAGE Bundle org.eclipse.jface.text.nl1 not found.

!ENTRY org.eclipse.osgi 4 0 2022-02-09 09:54:53.584
!MESSAGE Bundle org.eclipse.jface.text.nl2 not found.

!ENTRY org.eclipse.osgi 4 0 2022-02-09 09:54:53.585
!MESSAGE Bundle org.eclipse.jface.nl1 not found.

!ENTRY org.eclipse.osgi 4 0 2022-02-09 09:54:53.585
!MESSAGE Bundle org.eclipse.jface.nl2 not found.

!ENTRY org.eclipse.osgi 4 0 2022-02-09 09:54:53.585
!MESSAGE Bundle org.eclipse.osgi.compatibility.state.nl1 not found.

!ENTRY org.eclipse.osgi 4 0 2022-02-09 09:54:53.586
!MESSAGE Bundle org.eclipse.osgi.compatibility.state.nl2 not found.

!ENTRY org.eclipse.osgi 4 0 2022-02-09 09:54:53.586
!MESSAGE Bundle org.eclipse.osgi.services.nl1 not found.

!ENTRY org.eclipse.osgi 4 0 2022-02-09 09:54:53.586
!MESSAGE Bundle org.eclipse.osgi.services.nl2 not found.

!ENTRY org.eclipse.osgi 4 0 2022-02-09 09:54:53.586
!MESSAGE Bundle org.eclipse.osgi.nl1 not found.

!ENTRY org.eclipse.osgi 4 0 2022-02-09 09:54:53.587
!MESSAGE Bundle org.eclipse.osgi.nl2 not found.

!ENTRY org.eclipse.osgi 4 0 2022-02-09 09:54:53.587
!MESSAGE Bundle org.eclipse.swt.gtk.linux.x86_64.nl1 not found.

!ENTRY org.eclipse.osgi 4 0 2022-02-09 09:54:53.588
!MESSAGE Bundle org.eclipse.swt.gtk.linux.x86_64.nl2 not found.

!ENTRY org.eclipse.osgi 4 0 2022-02-09 09:54:53.588
!MESSAGE Bundle org.eclipse.swt.nl1 not found.

!ENTRY org.eclipse.osgi 4 0 2022-02-09 09:54:53.588
!MESSAGE Bundle org.eclipse.swt.nl2 not found.

!ENTRY org.eclipse.osgi 4 0 2022-02-09 09:54:53.589
!MESSAGE Bundle org.eclipse.team.core.nl1 not found.

!ENTRY org.eclipse.osgi 4 0 2022-02-09 09:54:53.589
!MESSAGE Bundle org.eclipse.team.core.nl2 not found.

!ENTRY org.eclipse.osgi 4 0 2022-02-09 09:54:53.589
!MESSAGE Bundle org.eclipse.text.nl1 not found.

!ENTRY org.eclipse.osgi 4 0 2022-02-09 09:54:53.590
!MESSAGE Bundle org.eclipse.text.nl2 not found.

!ENTRY org.eclipse.osgi 4 0 2022-02-09 09:54:53.590
!MESSAGE Bundle org.eclipse.ui.console.nl1 not found.

!ENTRY org.eclipse.osgi 4 0 2022-02-09 09:54:53.590
!MESSAGE Bundle org.eclipse.ui.console.nl2 not found.

!ENTRY org.eclipse.osgi 4 0 2022-02-09 09:54:53.591
!MESSAGE Bundle org.eclipse.ui.forms.nl1 not found.

!ENTRY org.eclipse.osgi 4 0 2022-02-09 09:54:53.591
!MESSAGE Bundle org.eclipse.ui.forms.nl2 not found.

!ENTRY org.eclipse.osgi 4 0 2022-02-09 09:54:53.592
!MESSAGE Bundle org.eclipse.ui.intro.nl1 not found.

!ENTRY org.eclipse.osgi 4 0 2022-02-09 09:54:53.592
!MESSAGE Bundle org.eclipse.ui.intro.nl2 not found.

!ENTRY org.eclipse.osgi 4 0 2022-02-09 09:54:53.592
!MESSAGE Bundle org.eclipse.ui.trace.nl1 not found.

!ENTRY org.eclipse.osgi 4 0 2022-02-09 09:54:53.592
!MESSAGE Bundle org.eclipse.ui.trace.nl2 not found.

!ENTRY org.eclipse.osgi 4 0 2022-02-09 09:54:53.593
!MESSAGE Bundle org.eclipse.ui.workbench.texteditor.nl1 not found.

!ENTRY org.eclipse.osgi 4 0 2022-02-09 09:54:53.593
!MESSAGE Bundle org.eclipse.ui.workbench.texteditor.nl2 not found.

!ENTRY org.eclipse.osgi 4 0 2022-02-09 09:54:53.594
!MESSAGE Bundle org.eclipse.ui.workbench.nl1 not found.

!ENTRY org.eclipse.osgi 4 0 2022-02-09 09:54:53.594
!MESSAGE Bundle org.eclipse.ui.workbench.nl2 not found.

!ENTRY org.eclipse.osgi 4 0 2022-02-09 09:54:53.594
!MESSAGE Bundle org.eclipse.ui.nl1 not found.

!ENTRY org.eclipse.osgi 4 0 2022-02-09 09:54:53.595
!MESSAGE Bundle org.eclipse.ui.nl2 not found.

!ENTRY org.eclipse.equinox.launcher.gtk.linux.x86_64 2 0 2022-02-09 09:54:54.601
!MESSAGE Could not resolve module: org.eclipse.equinox.launcher.gtk.linux.x86_64 [106]
  Unresolved requirement: Fragment-Host: org.eclipse.equinox.launcher; bundle-version="[1.0.0,1.4.0)"


!ENTRY org.eclipse.osgi 4 0 2022-02-09 09:54:54.601
!MESSAGE Application error
!STACK 1
java.lang.NullPointerException
	at com.filenet.apiimpl.util.BaseLogger.error(BaseLogger.java:551)
	at com.filenet.apiimpl.util.BaseLogger.error(BaseLogger.java:544)
	at com.filenet.deployment.common.Executor.execute(Executor.java:216)
	at com.filenet.deployment.rcp.Application.start(Application.java:386)
	at org.eclipse.equinox.internal.app.EclipseAppHandle.run(EclipseAppHandle.java:196)
	at org.eclipse.core.runtime.internal.adaptor.EclipseAppLauncher.runApplication(EclipseAppLauncher.java:134)
	at org.eclipse.core.runtime.internal.adaptor.EclipseAppLauncher.start(EclipseAppLauncher.java:104)
	at org.eclipse.core.runtime.adaptor.EclipseStarter.run(EclipseStarter.java:388)
	at org.eclipse.core.runtime.adaptor.EclipseStarter.run(EclipseStarter.java:243)
	at sun.reflect.NativeMethodAccessorImpl.invoke0(Native Method)
	at sun.reflect.NativeMethodAccessorImpl.invoke(NativeMethodAccessorImpl.java:90)
	at sun.reflect.DelegatingMethodAccessorImpl.invoke(DelegatingMethodAccessorImpl.java:55)
	at java.lang.reflect.Method.invoke(Method.java:508)
	at org.eclipse.equinox.launcher.Main.invokeFramework(Main.java:673)
	at org.eclipse.equinox.launcher.Main.basicRun(Main.java:610)
	at org.eclipse.equinox.launcher.Main.run(Main.java:1519)
	at org.eclipse.equinox.launcher.Main.main(Main.java:1492)
